2020.11.22 01:22:59 INFO  Started: Metals version 0.9.6 in workspace '/home/hamy/IdeaProjects/SCP2020' for client vscode.
2020.11.22 01:23:03 INFO  time: initialize in 3.5s
2020.11.22 01:23:04 INFO  Attempting to connect to the build server...
2020.11.22 01:23:04 INFO  tracing is disabled for protocol BSP, to enable tracing of incoming and outgoing JSON messages create an empty file at /home/hamy/.cache/metals/bsp.trace.json
2020.11.22 01:23:04 WARN  no build target for: /home/hamy/IdeaProjects/SCP2020/src/test/scala/io/gitlab/scp2020/skyeng/infrastructure/endpoint/UserEndpointsSpec.scala
2020.11.22 01:23:17 INFO  no build target: using presentation compiler with only scala-library
Nov 22, 2020 1:23:17 AM org.eclipse.lsp4j.jsonrpc.RemoteEndpoint handleCancellation
WARNING: Unmatched cancel notification for request id 2
2020.11.22 01:23:17 WARN  code navigation does not work for the file '/home/hamy/IdeaProjects/SCP2020/src/test/scala/io/gitlab/scp2020/skyeng/infrastructure/endpoint/UserEndpointsSpec.scala' because it doesn't belong to a build target.
2020.11.22 01:23:17 WARN  no build target for: /home/hamy/IdeaProjects/SCP2020/project/metals.sbt
2020.11.22 01:23:17 WARN  code navigation does not work for the file '/home/hamy/IdeaProjects/SCP2020/src/test/scala/io/gitlab/scp2020/skyeng/infrastructure/endpoint/UserEndpointsSpec.scala' because it doesn't belong to a build target.
2020.11.22 01:23:18 INFO  skipping build import with status 'Requested'
2020.11.22 01:23:18 INFO  running '/home/hamy/.sdkman/candidates/java/current/bin/java -Djline.terminal=jline.UnsupportedTerminal -Dsbt.log.noformat=true -Dfile.encoding=UTF-8 -jar /tmp/metals9134428265471585422/sbt-launch.jar -Dbloop.export-jar-classifiers=sources bloopInstall'
2020.11.22 01:23:18 WARN  no build target for: /home/hamy/IdeaProjects/SCP2020/project/metals.sbt
2020.11.22 01:23:18 WARN  no build target for: /home/hamy/IdeaProjects/SCP2020/project/project/metals.sbt
2020.11.22 01:23:18 INFO  skipping build import with status 'Started'
2020.11.22 01:23:18 WARN  no build target for: /home/hamy/IdeaProjects/SCP2020/build.sbt
2020.11.22 01:23:27 INFO  [info] welcome to sbt 1.4.3 (AdoptOpenJDK Java 11.0.7)
2020.11.22 01:23:36 INFO  [info] loading global plugins from /home/hamy/.sbt/1.0/plugins
2020.11.22 01:23:38 WARN  no build target for: /home/hamy/IdeaProjects/SCP2020/src/test/scala/io/gitlab/scp2020/skyeng/infrastructure/endpoint/UserEndpointsSpec.scala
Nov 22, 2020 1:23:38 AM org.eclipse.lsp4j.jsonrpc.RemoteEndpoint handleCancellation
WARNING: Unmatched cancel notification for request id 15
Nov 22, 2020 1:23:38 AM org.eclipse.lsp4j.jsonrpc.RemoteEndpoint handleCancellation
WARNING: Unmatched cancel notification for request id 17
2020.11.22 01:23:38 WARN  no build target for: /home/hamy/IdeaProjects/SCP2020/src/test/scala/io/gitlab/scp2020/skyeng/infrastructure/endpoint/LoginTest.scala
2020.11.22 01:23:39 WARN  no build target for: /home/hamy/IdeaProjects/SCP2020/src/test/scala/io/gitlab/scp2020/skyeng/infrastructure/endpoint/UserEndpointsSpec.scala
2020.11.22 01:23:45 INFO  [info] loading settings for project scp2020-build-build-build from metals.sbt ...
2020.11.22 01:23:46 INFO  [info] loading project definition from /home/hamy/IdeaProjects/SCP2020/project/project/project
2020.11.22 01:23:58 INFO  [info] loading settings for project scp2020-build-build from metals.sbt ...
2020.11.22 01:23:58 INFO  [info] loading project definition from /home/hamy/IdeaProjects/SCP2020/project/project
2020.11.22 01:24:00 INFO  [success] Generated .bloop/scp2020-build-build.json
2020.11.22 01:24:00 INFO  [success] Total time: 1 s, completed Nov 22, 2020, 1:24:01 AM
2020.11.22 01:24:04 ERROR Timeout waiting for 'build/initialize' response
2020.11.22 01:24:04 INFO  [info] loading settings for project scp2020-build from metals.sbt,plugins.sbt ...
2020.11.22 01:24:04 WARN  Retrying connection to the build server sbt
2020.11.22 01:24:04 INFO  tracing is disabled for protocol BSP, to enable tracing of incoming and outgoing JSON messages create an empty file at /home/hamy/.cache/metals/bsp.trace.json
2020.11.22 01:24:04 INFO  [info] loading project definition from /home/hamy/IdeaProjects/SCP2020/project
2020.11.22 01:24:18 INFO  [warn] There may be incompatibilities among your library dependencies; run 'evicted' to see detailed eviction warnings.
2020.11.22 01:24:20 INFO  [success] Generated .bloop/scp2020-build.json
2020.11.22 01:24:23 INFO  [success] Total time: 18 s, completed Nov 22, 2020, 1:24:23 AM
Nov 22, 2020 1:24:40 AM org.eclipse.lsp4j.jsonrpc.services.GenericEndpoint notify
INFO: Unsupported notification method: $/setTraceNotification
2020.11.22 01:24:44 INFO  [info] loading settings for project scp2020 from build.sbt ...
2020.11.22 01:24:47 WARN  no build target for: /home/hamy/IdeaProjects/SCP2020/src/test/scala/io/gitlab/scp2020/skyeng/infrastructure/endpoint/LoginTest.scala
2020.11.22 01:24:47 WARN  no build target for: /home/hamy/IdeaProjects/SCP2020/src/test/scala/io/gitlab/scp2020/skyeng/infrastructure/endpoint/UserEndpointsSpec.scala
2020.11.22 01:24:50 INFO  [info] set current project to SCP2020 (in build file:/home/hamy/IdeaProjects/SCP2020/)
2020.11.22 01:24:51 INFO  time: connected to build server in 1m46s
2020.11.22 01:24:51 INFO  Connected to Build server v1.4.3
2020.11.22 01:24:51 INFO  Processing
2020.11.22 01:24:51 INFO  Processing
2020.11.22 01:24:51 INFO  Processing
2020.11.22 01:24:54 INFO  Processing
2020.11.22 01:24:54 INFO  Processing
2020.11.22 01:24:54 INFO  Processing
2020.11.22 01:24:54 INFO  Processing
2020.11.22 01:24:57 INFO  [success] Generated .bloop/scp2020-test.json
2020.11.22 01:24:57 INFO  [success] Generated .bloop/scp2020.json
2020.11.22 01:24:57 INFO  [success] Total time: 5 s, completed Nov 22, 2020, 1:24:57 AM
2020.11.22 01:24:57 INFO  time: imported build in 6.98s
2020.11.22 01:24:58 INFO  Processing
2020.11.22 01:24:57 INFO  time: ran 'sbt bloopInstall' in 1m39s
2020.11.22 01:24:58 INFO  sbt bloopInstall exit: 0
2020.11.22 01:24:58 INFO  Disconnecting from sbt session...
2020.11.22 01:24:58 INFO  Shut down connection with build server.
2020.11.22 01:24:58 INFO  Attempting to connect to the build server...
Starting the bsp launcher for bloop...
Opening a bsp server connection with 'bsp --protocol local --socket /tmp/bsp-launcher2730330477600604127/bsp.socket'...
Waiting for the bsp connection to come up...
[0m[32m[D][0m Loading 2 projects from '/home/hamy/IdeaProjects/SCP2020/.bloop'...
[0m[32m[D][0m Loading project from '/home/hamy/IdeaProjects/SCP2020/.bloop/scp2020-test.json'
[0m[32m[D][0m Loading project from '/home/hamy/IdeaProjects/SCP2020/.bloop/scp2020.json'
[0m[32m[D][0m Missing analysis file for project 'scp2020'
[0m[32m[D][0m Missing analysis file for project 'scp2020-test'
[0m[32m[D][0m Waiting for a connection at local:///tmp/bsp-launcher2730330477600604127/bsp.socket...
The server is listening for incoming connections at local:///tmp/bsp-launcher2730330477600604127/bsp.socket...
Starting thread that pumps stdin and redirects it to the bsp server...
Starting thread that pumps server stdout and redirects it to the client stdout...
2020.11.22 01:24:59 INFO  tracing is disabled for protocol BSP, to enable tracing of incoming and outgoing JSON messages create an empty file at /home/hamy/.cache/metals/bsp.trace.json
2020.11.22 01:24:59 INFO  Attempting to connect to the build server...
2020.11.22 01:24:59 INFO  Attempting to connect to the build server...
Starting the bsp launcher for bloop...
Starting the bsp launcher for bloop...
Opening a bsp server connection with 'bsp --protocol local --socket /tmp/bsp-launcher13876479414598112449/bsp.socket'...
Opening a bsp server connection with 'bsp --protocol local --socket /tmp/bsp-launcher9505706113002112194/bsp.socket'...
Waiting for the bsp connection to come up...
Waiting for the bsp connection to come up...
[0m[32m[D][0m Loading workspace settings from bloop.settings.json
[0m[32m[D][0m Waiting for a connection at local:///tmp/bsp-launcher9505706113002112194/bsp.socket...
The server is listening for incoming connections at local:///tmp/bsp-launcher9505706113002112194/bsp.socket...
[0m[32m[D][0m Loading workspace settings from bloop.settings.json
[0m[32m[D][0m Waiting for a connection at local:///tmp/bsp-launcher13876479414598112449/bsp.socket...
The server is listening for incoming connections at local:///tmp/bsp-launcher13876479414598112449/bsp.socket...
Starting thread that pumps stdin and redirects it to the bsp server...
Starting thread that pumps stdin and redirects it to the bsp server...
Starting thread that pumps server stdout and redirects it to the client stdout...
Starting thread that pumps server stdout and redirects it to the client stdout...
2020.11.22 01:24:59 INFO  tracing is disabled for protocol BSP, to enable tracing of incoming and outgoing JSON messages create an empty file at /home/hamy/.cache/metals/bsp.trace.json
2020.11.22 01:24:59 INFO  tracing is disabled for protocol BSP, to enable tracing of incoming and outgoing JSON messages create an empty file at /home/hamy/.cache/metals/bsp.trace.json
2020.11.22 01:24:59 INFO  time: connected to build server in 1.19s
2020.11.22 01:24:59 INFO  Connected to Build server v1.4.5-6-4768184c
2020.11.22 01:24:59 INFO  time: imported build in 0.14s
2020.11.22 01:25:16 ERROR unexpected error during source scanning
org.h2.jdbc.JdbcSQLIntegrityConstraintViolationException: Unique index or primary key violation: "PUBLIC.PRIMARY_KEY_E ON PUBLIC.INDEXED_JAR(MD5) VALUES ( /* 58 */ 'ECCA9ED7E17A8CB2F21E28A2364FCEC4' )"; SQL statement:
insert into indexed_jar (md5) values (?) [23505-200]
	at org.h2.message.DbException.getJdbcSQLException(DbException.java:459)
	at org.h2.message.DbException.getJdbcSQLException(DbException.java:429)
	at org.h2.message.DbException.get(DbException.java:205)
	at org.h2.message.DbException.get(DbException.java:181)
	at org.h2.index.BaseIndex.getDuplicateKeyException(BaseIndex.java:103)
	at org.h2.pagestore.db.PageBtree.find(PageBtree.java:120)
	at org.h2.pagestore.db.PageBtreeLeaf.addRow(PageBtreeLeaf.java:148)
	at org.h2.pagestore.db.PageBtreeLeaf.addRowTry(PageBtreeLeaf.java:101)
	at org.h2.pagestore.db.PageBtreeIndex.addRow(PageBtreeIndex.java:98)
	at org.h2.pagestore.db.PageBtreeIndex.add(PageBtreeIndex.java:89)
	at org.h2.pagestore.db.PageStoreTable.addRow(PageStoreTable.java:89)
	at org.h2.command.dml.Insert.insertRows(Insert.java:195)
	at org.h2.command.dml.Insert.update(Insert.java:151)
	at org.h2.command.CommandContainer.executeUpdateWithGeneratedKeys(CommandContainer.java:272)
	at org.h2.command.CommandContainer.update(CommandContainer.java:191)
	at org.h2.command.Command.executeUpdate(Command.java:251)
	at org.h2.jdbc.JdbcPreparedStatement.executeUpdateInternal(JdbcPreparedStatement.java:191)
	at org.h2.jdbc.JdbcPreparedStatement.executeUpdate(JdbcPreparedStatement.java:152)
	at scala.meta.internal.metals.JarTopLevels.putTopLevels(JarTopLevels.scala:75)
	at scala.meta.internal.metals.MetalsLanguageServer.$anonfun$addSourceJarSymbols$1(MetalsLanguageServer.scala:2233)
	at scala.meta.internal.mtags.OnDemandSymbolIndex.$anonfun$addSourceJarTopLevels$1(OnDemandSymbolIndex.scala:101)
	at scala.meta.internal.mtags.OnDemandSymbolIndex.tryRun(OnDemandSymbolIndex.scala:133)
	at scala.meta.internal.mtags.OnDemandSymbolIndex.addSourceJarTopLevels(OnDemandSymbolIndex.scala:100)
	at scala.meta.internal.metals.MetalsLanguageServer.addSourceJarSymbols(MetalsLanguageServer.scala:2220)
	at scala.meta.internal.metals.MetalsLanguageServer.$anonfun$indexDependencySources$5(MetalsLanguageServer.scala:2188)
	at scala.meta.internal.metals.MetalsLanguageServer.$anonfun$indexDependencySources$5$adapted(MetalsLanguageServer.scala:2179)
	at scala.collection.TraversableLike$WithFilter.$anonfun$foreach$1(TraversableLike.scala:924)
	at scala.collection.immutable.List.foreach(List.scala:431)
	at scala.collection.TraversableLike$WithFilter.foreach(TraversableLike.scala:923)
	at scala.meta.internal.metals.MetalsLanguageServer.$anonfun$indexDependencySources$2(MetalsLanguageServer.scala:2179)
	at scala.meta.internal.metals.MetalsLanguageServer.$anonfun$indexDependencySources$2$adapted(MetalsLanguageServer.scala:2178)
	at scala.collection.Iterator.foreach(Iterator.scala:943)
	at scala.collection.Iterator.foreach$(Iterator.scala:943)
	at scala.collection.AbstractIterator.foreach(Iterator.scala:1431)
	at scala.collection.IterableLike.foreach(IterableLike.scala:74)
	at scala.collection.IterableLike.foreach$(IterableLike.scala:73)
	at scala.collection.AbstractIterable.foreach(Iterable.scala:56)
	at scala.meta.internal.metals.MetalsLanguageServer.indexDependencySources(MetalsLanguageServer.scala:2178)
	at scala.meta.internal.metals.MetalsLanguageServer.$anonfun$indexWorkspace$10(MetalsLanguageServer.scala:2124)
	at scala.runtime.java8.JFunction0$mcV$sp.apply(JFunction0$mcV$sp.java:23)
	at scala.meta.internal.metals.TimerProvider.timedThunk(TimerProvider.scala:25)
	at scala.meta.internal.metals.MetalsLanguageServer.indexWorkspace(MetalsLanguageServer.scala:2124)
	at scala.meta.internal.metals.MetalsLanguageServer.$anonfun$profiledIndexWorkspace$2(MetalsLanguageServer.scala:2018)
	at scala.runtime.java8.JFunction0$mcV$sp.apply(JFunction0$mcV$sp.java:23)
	at scala.meta.internal.metals.TimerProvider.timedThunk(TimerProvider.scala:25)
	at scala.meta.internal.metals.MetalsLanguageServer.$anonfun$profiledIndexWorkspace$1(MetalsLanguageServer.scala:2018)
	at scala.runtime.java8.JFunction0$mcV$sp.apply(JFunction0$mcV$sp.java:23)
	at scala.concurrent.Future$.$anonfun$apply$1(Future.scala:659)
	at scala.util.Success.$anonfun$map$1(Try.scala:255)
	at scala.util.Success.map(Try.scala:213)
	at scala.concurrent.Future.$anonfun$map$1(Future.scala:292)
	at scala.concurrent.impl.Promise.liftedTree1$1(Promise.scala:33)
	at scala.concurrent.impl.Promise.$anonfun$transform$1(Promise.scala:33)
	at scala.concurrent.impl.CallbackRunnable.run(Promise.scala:64)
	at java.util.concurrent.ThreadPoolExecutor.runWorker(ThreadPoolExecutor.java:1128)
	at java.util.concurrent.ThreadPoolExecutor$Worker.run(ThreadPoolExecutor.java:628)
	at java.lang.Thread.run(Thread.java:834)

2020.11.22 01:25:18 INFO  time: indexed workspace in 20s
2020.11.22 01:25:18 INFO  time: indexed workspace in 18s
2020.11.22 01:25:18 INFO  compiling scp2020 (27 scala sources)
Nov 22, 2020 1:25:36 AM org.eclipse.lsp4j.jsonrpc.RemoteEndpoint handleCancellation
WARNING: Unmatched cancel notification for request id 44
Nov 22, 2020 1:25:36 AM org.eclipse.lsp4j.jsonrpc.RemoteEndpoint handleCancellation
WARNING: Unmatched cancel notification for request id 43
2020.11.22 01:25:37 INFO  Deduplicating compilation of scp2020 from bsp client 'Metals 0.9.6' (since 37.931s)
2020.11.22 01:25:37 INFO  compiling scp2020 (27 scala sources)
2020.11.22 01:25:50 INFO  time: compiled scp2020 in 12s
2020.11.22 01:25:50 INFO  Deduplicating compilation of scp2020 from bsp client 'Metals 0.9.6' (since 51.104s)
2020.11.22 01:25:50 INFO  compiling scp2020 (27 scala sources)
2020.11.22 01:25:50 INFO  compiling scp2020 (27 scala sources)
2020.11.22 01:26:02 INFO  time: compiled scp2020 in 11s
2020.11.22 01:26:27 INFO  compiling scp2020 (27 scala sources)
Nov 22, 2020 1:26:30 AM org.eclipse.lsp4j.jsonrpc.RemoteEndpoint handleCancellation
WARNING: Unmatched cancel notification for request id 95
Nov 22, 2020 1:26:30 AM org.eclipse.lsp4j.jsonrpc.RemoteEndpoint handleCancellation
WARNING: Unmatched cancel notification for request id 92
Nov 22, 2020 1:26:30 AM org.eclipse.lsp4j.jsonrpc.RemoteEndpoint handleCancellation
WARNING: Unmatched cancel notification for request id 94
Nov 22, 2020 1:26:30 AM org.eclipse.lsp4j.jsonrpc.RemoteEndpoint handleCancellation
WARNING: Unmatched cancel notification for request id 96
2020.11.22 01:26:35 INFO  time: compiled scp2020 in 8.16s
2020.11.22 01:26:35 INFO  compiling scp2020 (27 scala sources)
2020.11.22 01:26:41 INFO  time: compiled scp2020 in 5.48s
2020.11.22 01:26:41 INFO  compiling scp2020 (27 scala sources)
2020.11.22 01:26:45 INFO  time: compiled scp2020 in 4.19s
2020.11.22 01:26:45 INFO  compiling scp2020 (27 scala sources)
2020.11.22 01:26:48 INFO  time: compiled scp2020 in 3.44s
2020.11.22 01:26:48 INFO  compiling scp2020 (27 scala sources)
2020.11.22 01:26:53 INFO  time: compiled scp2020 in 4.37s
2020.11.22 01:27:04 INFO  compiling scp2020 (27 scala sources)
2020.11.22 01:27:07 INFO  time: compiled scp2020 in 3.71s
2020.11.22 01:27:07 INFO  compiling scp2020 (27 scala sources)
2020.11.22 01:27:11 INFO  time: compiled scp2020 in 2.99s
2020.11.22 01:27:11 INFO  compiling scp2020 (27 scala sources)
2020.11.22 01:27:14 INFO  time: compiled scp2020 in 2.91s
2020.11.22 01:27:14 INFO  compiling scp2020 (27 scala sources)
2020.11.22 01:27:17 INFO  time: compiled scp2020 in 2.74s
2020.11.22 01:27:17 INFO  compiling scp2020 (27 scala sources)
2020.11.22 01:27:20 INFO  time: compiled scp2020 in 2.99s
2020.11.22 01:27:22 INFO  compiling scp2020 (27 scala sources)
2020.11.22 01:27:25 INFO  time: compiled scp2020 in 3.28s
Nov 22, 2020 1:27:28 AM org.eclipse.lsp4j.jsonrpc.RemoteEndpoint handleCancellation
WARNING: Unmatched cancel notification for request id 285
Nov 22, 2020 1:27:28 AM org.eclipse.lsp4j.jsonrpc.RemoteEndpoint handleCancellation
WARNING: Unmatched cancel notification for request id 287
2020.11.22 01:27:28 INFO  compiling scp2020 (27 scala sources)
2020.11.22 01:27:31 INFO  time: compiled scp2020 in 2.56s
2020.11.22 01:27:32 INFO  compiling scp2020 (27 scala sources)
2020.11.22 01:27:35 INFO  time: compiled scp2020 in 2.43s
2020.11.22 01:27:40 INFO  compiling scp2020 (27 scala sources)
2020.11.22 01:27:43 INFO  time: compiled scp2020 in 3.44s
2020.11.22 01:27:46 INFO  compiling scp2020 (27 scala sources)
2020.11.22 01:27:48 INFO  time: compiled scp2020 in 2.27s
2020.11.22 01:27:50 INFO  compiling scp2020 (27 scala sources)
2020.11.22 01:27:53 INFO  time: compiled scp2020 in 2.36s
2020.11.22 01:28:07 INFO  compiling scp2020 (27 scala sources)
2020.11.22 01:28:09 INFO  time: compiled scp2020 in 2.06s
2020.11.22 01:28:15 INFO  compiling scp2020 (27 scala sources)
2020.11.22 01:28:18 INFO  time: compiled scp2020 in 2.94s
2020.11.22 01:28:24 INFO  compiling scp2020 (27 scala sources)
2020.11.22 01:28:26 INFO  time: compiled scp2020 in 2.27s
2020.11.22 01:28:26 ERROR code navigation does not work for the file '/home/hamy/IdeaProjects/SCP2020/src/test/scala/io/gitlab/scp2020/skyeng/infrastructure/endpoint/UserEndpointsSpec.scala' because the SemanticDB file '/home/hamy/IdeaProjects/SCP2020/.bloop/scp2020/bloop-bsp-clients-classes/test-classes-Metals-gdFmvHpEQUS8SRnilosZcw==/META-INF/semanticdb/src/test/scala/io/gitlab/scp2020/skyeng/infrastructure/endpoint/UserEndpointsSpec.scala.semanticdb' doesn't exist. There can be many reasons for this error. 
2020.11.22 01:28:26 ERROR code navigation does not work for the file '/home/hamy/IdeaProjects/SCP2020/src/test/scala/io/gitlab/scp2020/skyeng/infrastructure/endpoint/UserEndpointsSpec.scala' because the SemanticDB file '/home/hamy/IdeaProjects/SCP2020/.bloop/scp2020/bloop-bsp-clients-classes/test-classes-Metals-gdFmvHpEQUS8SRnilosZcw==/META-INF/semanticdb/src/test/scala/io/gitlab/scp2020/skyeng/infrastructure/endpoint/UserEndpointsSpec.scala.semanticdb' doesn't exist. There can be many reasons for this error. 
2020.11.22 01:28:26 ERROR code navigation does not work for the file '/home/hamy/IdeaProjects/SCP2020/src/test/scala/io/gitlab/scp2020/skyeng/infrastructure/endpoint/UserEndpointsSpec.scala' because the SemanticDB file '/home/hamy/IdeaProjects/SCP2020/.bloop/scp2020/bloop-bsp-clients-classes/test-classes-Metals-gdFmvHpEQUS8SRnilosZcw==/META-INF/semanticdb/src/test/scala/io/gitlab/scp2020/skyeng/infrastructure/endpoint/UserEndpointsSpec.scala.semanticdb' doesn't exist. There can be many reasons for this error. 
2020.11.22 01:28:26 ERROR code navigation does not work for the file '/home/hamy/IdeaProjects/SCP2020/src/test/scala/io/gitlab/scp2020/skyeng/infrastructure/endpoint/UserEndpointsSpec.scala' because the SemanticDB file '/home/hamy/IdeaProjects/SCP2020/.bloop/scp2020/bloop-bsp-clients-classes/test-classes-Metals-gdFmvHpEQUS8SRnilosZcw==/META-INF/semanticdb/src/test/scala/io/gitlab/scp2020/skyeng/infrastructure/endpoint/UserEndpointsSpec.scala.semanticdb' doesn't exist. There can be many reasons for this error. 
2020.11.22 01:28:26 ERROR code navigation does not work for the file '/home/hamy/IdeaProjects/SCP2020/src/test/scala/io/gitlab/scp2020/skyeng/infrastructure/endpoint/UserEndpointsSpec.scala' because the SemanticDB file '/home/hamy/IdeaProjects/SCP2020/.bloop/scp2020/bloop-bsp-clients-classes/test-classes-Metals-gdFmvHpEQUS8SRnilosZcw==/META-INF/semanticdb/src/test/scala/io/gitlab/scp2020/skyeng/infrastructure/endpoint/UserEndpointsSpec.scala.semanticdb' doesn't exist. There can be many reasons for this error. 
2020.11.22 01:28:26 ERROR code navigation does not work for the file '/home/hamy/IdeaProjects/SCP2020/src/test/scala/io/gitlab/scp2020/skyeng/infrastructure/endpoint/UserEndpointsSpec.scala' because the SemanticDB file '/home/hamy/IdeaProjects/SCP2020/.bloop/scp2020/bloop-bsp-clients-classes/test-classes-Metals-gdFmvHpEQUS8SRnilosZcw==/META-INF/semanticdb/src/test/scala/io/gitlab/scp2020/skyeng/infrastructure/endpoint/UserEndpointsSpec.scala.semanticdb' doesn't exist. There can be many reasons for this error. 
2020.11.22 01:28:26 ERROR code navigation does not work for the file '/home/hamy/IdeaProjects/SCP2020/src/test/scala/io/gitlab/scp2020/skyeng/infrastructure/endpoint/UserEndpointsSpec.scala' because the SemanticDB file '/home/hamy/IdeaProjects/SCP2020/.bloop/scp2020/bloop-bsp-clients-classes/test-classes-Metals-gdFmvHpEQUS8SRnilosZcw==/META-INF/semanticdb/src/test/scala/io/gitlab/scp2020/skyeng/infrastructure/endpoint/UserEndpointsSpec.scala.semanticdb' doesn't exist. There can be many reasons for this error. 
2020.11.22 01:28:27 ERROR code navigation does not work for the file '/home/hamy/IdeaProjects/SCP2020/src/test/scala/io/gitlab/scp2020/skyeng/infrastructure/endpoint/UserEndpointsSpec.scala' because the SemanticDB file '/home/hamy/IdeaProjects/SCP2020/.bloop/scp2020/bloop-bsp-clients-classes/test-classes-Metals-gdFmvHpEQUS8SRnilosZcw==/META-INF/semanticdb/src/test/scala/io/gitlab/scp2020/skyeng/infrastructure/endpoint/UserEndpointsSpec.scala.semanticdb' doesn't exist. There can be many reasons for this error. 
2020.11.22 01:28:27 ERROR code navigation does not work for the file '/home/hamy/IdeaProjects/SCP2020/src/test/scala/io/gitlab/scp2020/skyeng/infrastructure/endpoint/UserEndpointsSpec.scala' because the SemanticDB file '/home/hamy/IdeaProjects/SCP2020/.bloop/scp2020/bloop-bsp-clients-classes/test-classes-Metals-gdFmvHpEQUS8SRnilosZcw==/META-INF/semanticdb/src/test/scala/io/gitlab/scp2020/skyeng/infrastructure/endpoint/UserEndpointsSpec.scala.semanticdb' doesn't exist. There can be many reasons for this error. 
2020.11.22 01:28:27 ERROR code navigation does not work for the file '/home/hamy/IdeaProjects/SCP2020/src/test/scala/io/gitlab/scp2020/skyeng/infrastructure/endpoint/UserEndpointsSpec.scala' because the SemanticDB file '/home/hamy/IdeaProjects/SCP2020/.bloop/scp2020/bloop-bsp-clients-classes/test-classes-Metals-gdFmvHpEQUS8SRnilosZcw==/META-INF/semanticdb/src/test/scala/io/gitlab/scp2020/skyeng/infrastructure/endpoint/UserEndpointsSpec.scala.semanticdb' doesn't exist. There can be many reasons for this error. 
2020.11.22 01:28:27 ERROR code navigation does not work for the file '/home/hamy/IdeaProjects/SCP2020/src/test/scala/io/gitlab/scp2020/skyeng/infrastructure/endpoint/UserEndpointsSpec.scala' because the SemanticDB file '/home/hamy/IdeaProjects/SCP2020/.bloop/scp2020/bloop-bsp-clients-classes/test-classes-Metals-gdFmvHpEQUS8SRnilosZcw==/META-INF/semanticdb/src/test/scala/io/gitlab/scp2020/skyeng/infrastructure/endpoint/UserEndpointsSpec.scala.semanticdb' doesn't exist. There can be many reasons for this error. 
2020.11.22 01:28:27 ERROR code navigation does not work for the file '/home/hamy/IdeaProjects/SCP2020/src/test/scala/io/gitlab/scp2020/skyeng/infrastructure/endpoint/UserEndpointsSpec.scala' because the SemanticDB file '/home/hamy/IdeaProjects/SCP2020/.bloop/scp2020/bloop-bsp-clients-classes/test-classes-Metals-gdFmvHpEQUS8SRnilosZcw==/META-INF/semanticdb/src/test/scala/io/gitlab/scp2020/skyeng/infrastructure/endpoint/UserEndpointsSpec.scala.semanticdb' doesn't exist. There can be many reasons for this error. 
2020.11.22 01:28:28 ERROR code navigation does not work for the file '/home/hamy/IdeaProjects/SCP2020/src/test/scala/io/gitlab/scp2020/skyeng/infrastructure/endpoint/UserEndpointsSpec.scala' because the SemanticDB file '/home/hamy/IdeaProjects/SCP2020/.bloop/scp2020/bloop-bsp-clients-classes/test-classes-Metals-gdFmvHpEQUS8SRnilosZcw==/META-INF/semanticdb/src/test/scala/io/gitlab/scp2020/skyeng/infrastructure/endpoint/UserEndpointsSpec.scala.semanticdb' doesn't exist. There can be many reasons for this error. 
2020.11.22 01:28:28 ERROR code navigation does not work for the file '/home/hamy/IdeaProjects/SCP2020/src/test/scala/io/gitlab/scp2020/skyeng/infrastructure/endpoint/UserEndpointsSpec.scala' because the SemanticDB file '/home/hamy/IdeaProjects/SCP2020/.bloop/scp2020/bloop-bsp-clients-classes/test-classes-Metals-gdFmvHpEQUS8SRnilosZcw==/META-INF/semanticdb/src/test/scala/io/gitlab/scp2020/skyeng/infrastructure/endpoint/UserEndpointsSpec.scala.semanticdb' doesn't exist. There can be many reasons for this error. 
2020.11.22 01:28:28 ERROR code navigation does not work for the file '/home/hamy/IdeaProjects/SCP2020/src/test/scala/io/gitlab/scp2020/skyeng/infrastructure/endpoint/UserEndpointsSpec.scala' because the SemanticDB file '/home/hamy/IdeaProjects/SCP2020/.bloop/scp2020/bloop-bsp-clients-classes/test-classes-Metals-gdFmvHpEQUS8SRnilosZcw==/META-INF/semanticdb/src/test/scala/io/gitlab/scp2020/skyeng/infrastructure/endpoint/UserEndpointsSpec.scala.semanticdb' doesn't exist. There can be many reasons for this error. 
2020.11.22 01:28:30 ERROR code navigation does not work for the file '/home/hamy/IdeaProjects/SCP2020/src/test/scala/io/gitlab/scp2020/skyeng/infrastructure/endpoint/UserEndpointsSpec.scala' because the SemanticDB file '/home/hamy/IdeaProjects/SCP2020/.bloop/scp2020/bloop-bsp-clients-classes/test-classes-Metals-gdFmvHpEQUS8SRnilosZcw==/META-INF/semanticdb/src/test/scala/io/gitlab/scp2020/skyeng/infrastructure/endpoint/UserEndpointsSpec.scala.semanticdb' doesn't exist. There can be many reasons for this error. 
2020.11.22 01:28:30 ERROR code navigation does not work for the file '/home/hamy/IdeaProjects/SCP2020/src/test/scala/io/gitlab/scp2020/skyeng/infrastructure/endpoint/UserEndpointsSpec.scala' because the SemanticDB file '/home/hamy/IdeaProjects/SCP2020/.bloop/scp2020/bloop-bsp-clients-classes/test-classes-Metals-gdFmvHpEQUS8SRnilosZcw==/META-INF/semanticdb/src/test/scala/io/gitlab/scp2020/skyeng/infrastructure/endpoint/UserEndpointsSpec.scala.semanticdb' doesn't exist. There can be many reasons for this error. 
2020.11.22 01:28:30 ERROR code navigation does not work for the file '/home/hamy/IdeaProjects/SCP2020/src/test/scala/io/gitlab/scp2020/skyeng/infrastructure/endpoint/UserEndpointsSpec.scala' because the SemanticDB file '/home/hamy/IdeaProjects/SCP2020/.bloop/scp2020/bloop-bsp-clients-classes/test-classes-Metals-gdFmvHpEQUS8SRnilosZcw==/META-INF/semanticdb/src/test/scala/io/gitlab/scp2020/skyeng/infrastructure/endpoint/UserEndpointsSpec.scala.semanticdb' doesn't exist. There can be many reasons for this error. 
2020.11.22 01:28:30 ERROR code navigation does not work for the file '/home/hamy/IdeaProjects/SCP2020/src/test/scala/io/gitlab/scp2020/skyeng/infrastructure/endpoint/UserEndpointsSpec.scala' because the SemanticDB file '/home/hamy/IdeaProjects/SCP2020/.bloop/scp2020/bloop-bsp-clients-classes/test-classes-Metals-gdFmvHpEQUS8SRnilosZcw==/META-INF/semanticdb/src/test/scala/io/gitlab/scp2020/skyeng/infrastructure/endpoint/UserEndpointsSpec.scala.semanticdb' doesn't exist. There can be many reasons for this error. 
2020.11.22 01:28:30 ERROR code navigation does not work for the file '/home/hamy/IdeaProjects/SCP2020/src/test/scala/io/gitlab/scp2020/skyeng/infrastructure/endpoint/UserEndpointsSpec.scala' because the SemanticDB file '/home/hamy/IdeaProjects/SCP2020/.bloop/scp2020/bloop-bsp-clients-classes/test-classes-Metals-gdFmvHpEQUS8SRnilosZcw==/META-INF/semanticdb/src/test/scala/io/gitlab/scp2020/skyeng/infrastructure/endpoint/UserEndpointsSpec.scala.semanticdb' doesn't exist. There can be many reasons for this error. 
2020.11.22 01:28:31 ERROR code navigation does not work for the file '/home/hamy/IdeaProjects/SCP2020/src/test/scala/io/gitlab/scp2020/skyeng/infrastructure/endpoint/UserEndpointsSpec.scala' because the SemanticDB file '/home/hamy/IdeaProjects/SCP2020/.bloop/scp2020/bloop-bsp-clients-classes/test-classes-Metals-gdFmvHpEQUS8SRnilosZcw==/META-INF/semanticdb/src/test/scala/io/gitlab/scp2020/skyeng/infrastructure/endpoint/UserEndpointsSpec.scala.semanticdb' doesn't exist. There can be many reasons for this error. 
2020.11.22 01:28:31 ERROR code navigation does not work for the file '/home/hamy/IdeaProjects/SCP2020/src/test/scala/io/gitlab/scp2020/skyeng/infrastructure/endpoint/UserEndpointsSpec.scala' because the SemanticDB file '/home/hamy/IdeaProjects/SCP2020/.bloop/scp2020/bloop-bsp-clients-classes/test-classes-Metals-gdFmvHpEQUS8SRnilosZcw==/META-INF/semanticdb/src/test/scala/io/gitlab/scp2020/skyeng/infrastructure/endpoint/UserEndpointsSpec.scala.semanticdb' doesn't exist. There can be many reasons for this error. 
2020.11.22 01:28:31 ERROR code navigation does not work for the file '/home/hamy/IdeaProjects/SCP2020/src/test/scala/io/gitlab/scp2020/skyeng/infrastructure/endpoint/UserEndpointsSpec.scala' because the SemanticDB file '/home/hamy/IdeaProjects/SCP2020/.bloop/scp2020/bloop-bsp-clients-classes/test-classes-Metals-gdFmvHpEQUS8SRnilosZcw==/META-INF/semanticdb/src/test/scala/io/gitlab/scp2020/skyeng/infrastructure/endpoint/UserEndpointsSpec.scala.semanticdb' doesn't exist. There can be many reasons for this error. 
2020.11.22 01:28:31 ERROR code navigation does not work for the file '/home/hamy/IdeaProjects/SCP2020/src/test/scala/io/gitlab/scp2020/skyeng/infrastructure/endpoint/UserEndpointsSpec.scala' because the SemanticDB file '/home/hamy/IdeaProjects/SCP2020/.bloop/scp2020/bloop-bsp-clients-classes/test-classes-Metals-gdFmvHpEQUS8SRnilosZcw==/META-INF/semanticdb/src/test/scala/io/gitlab/scp2020/skyeng/infrastructure/endpoint/UserEndpointsSpec.scala.semanticdb' doesn't exist. There can be many reasons for this error. 
Nov 22, 2020 1:28:39 AM org.eclipse.lsp4j.jsonrpc.RemoteEndpoint handleCancellation
WARNING: Unmatched cancel notification for request id 506
Nov 22, 2020 1:28:40 AM org.eclipse.lsp4j.jsonrpc.RemoteEndpoint handleCancellation
WARNING: Unmatched cancel notification for request id 509
Nov 22, 2020 1:28:40 AM org.eclipse.lsp4j.jsonrpc.RemoteEndpoint handleCancellation
WARNING: Unmatched cancel notification for request id 510
Nov 22, 2020 1:28:40 AM org.eclipse.lsp4j.jsonrpc.RemoteEndpoint handleCancellation
WARNING: Unmatched cancel notification for request id 513
something's wrong: no file:///home/hamy/IdeaProjects/SCP2020/src/test/scala/io/gitlab/scp2020/skyeng/infrastructure/endpoint/UserEndpointsSpec.scala in org.http4s.client.dsl.Http4sClientDsl[cats.effect.IO]RangePosition(file:///home/hamy/IdeaProjects/SCP2020/src/test/scala/io/gitlab/scp2020/skyeng/infrastructure/endpoint/UserEndpointsSpec.scala, 777, 777, 796)
something's wrong: no file:///home/hamy/IdeaProjects/SCP2020/src/test/scala/io/gitlab/scp2020/skyeng/infrastructure/endpoint/UserEndpointsSpec.scala in org.http4s.client.dsl.Http4sClientDsl[cats.effect.IO]RangePosition(file:///home/hamy/IdeaProjects/SCP2020/src/test/scala/io/gitlab/scp2020/skyeng/infrastructure/endpoint/UserEndpointsSpec.scala, 777, 777, 796)
2020.11.22 12:36:21 INFO  compiling scp2020 (27 scala sources)
2020.11.22 12:36:25 INFO  time: compiled scp2020 in 4.27s
